2018-08-21 21:00:19,773 [Thread-8:7516] [accounts:26] [views:post] [DEBUG]- 新用户cali登录成功
2018-08-21 21:02:03,876 [Thread-45:5180] [accounts:26] [views:post] [DEBUG]- 新用户cali登录成功
2018-08-21 21:11:47,928 [Thread-105:8972] [accounts:48] [views:logout] [DEBUG]- liulirong退出系统
2018-08-21 21:11:53,791 [Thread-111:9000] [accounts:48] [views:logout] [DEBUG]- AnonymousUser退出系统
2018-08-21 21:18:18,737 [Thread-145:7020] [accounts:29] [views:post] [DEBUG]- 新用户cali登录失败
2018-08-21 21:20:27,989 [Thread-1:8276] [accounts:36] [views:post] [DEBUG]- 验证码错误
2018-08-21 21:21:57,902 [Thread-1:7472] [accounts:29] [views:post] [DEBUG]- 新用户cali登录失败
2018-08-21 21:23:31,476 [Thread-1:4432] [accounts:38] [views:post] [DEBUG]- 验证码错误
2018-08-21 21:34:01,438 [Thread-10:1372] [accounts:25] [views:post] [DEBUG]- 新用户cali登录成功
2018-08-21 21:35:00,889 [Thread-1:4884] [accounts:41] [views:logout] [DEBUG]- cali退出系统
2018-08-21 21:35:12,613 [Thread-10:2396] [accounts:41] [views:logout] [DEBUG]- AnonymousUser退出系统
2018-08-21 21:35:59,042 [Thread-23:8372] [accounts:25] [views:post] [DEBUG]- 新用户cali登录成功
2018-08-21 22:02:20,617 [Thread-1:3004] [accounts:41] [views:logout] [DEBUG]- cali退出系统
2018-08-21 22:02:44,681 [Thread-6:8644] [accounts:25] [views:post] [DEBUG]- 新用户cali登录成功
2018-08-21 22:02:51,066 [Thread-11:7708] [accounts:41] [views:logout] [DEBUG]- cali退出系统
2018-08-22 22:36:45,726 [Thread-12:2316] [accounts:46] [views:post] [DEBUG]- 新用户yangmin注册成功
2018-08-22 22:36:45,731 [Thread-13:7776] [accounts:46] [views:post] [DEBUG]- 新用户yangmin注册成功
2018-08-22 22:38:22,723 [Thread-73:5228] [accounts:53] [views:logout] [DEBUG]- liulirong退出系统
2018-08-23 19:18:20,428 [Thread-17:4464] [accounts:46] [views:post] [DEBUG]- 新用户tanzhihao注册成功
2018-08-23 19:18:20,435 [Thread-18:8028] [accounts:46] [views:post] [DEBUG]- 新用户tanzhihao注册成功
2018-08-23 20:04:33,160 [Thread-18:5320] [accounts:48] [views:post] [DEBUG]- 新用户wumingzhu注册成功
2018-08-23 20:04:33,160 [Thread-17:5676] [accounts:48] [views:post] [DEBUG]- 新用户wumingzhu注册成功
2018-08-23 20:04:55,205 [Thread-24:3948] [accounts:28] [views:post] [DEBUG]- 新用户None登录失败
2018-08-23 20:07:02,717 [Thread-4:8308] [accounts:29] [views:post] [DEBUG]- 用户None不存在
2018-08-23 20:07:31,637 [Thread-8:9136] [accounts:26] [views:post] [DEBUG]- 新用户liulirong登录成功
2018-08-23 20:08:07,567 [Thread-25:6952] [accounts:57] [views:logout] [DEBUG]- liulirong退出系统
2018-08-23 20:08:38,173 [Thread-33:8364] [accounts:29] [views:post] [DEBUG]- 用户None不存在
2018-08-23 20:36:04,832 [Thread-66:2248] [accounts:50] [views:post] [DEBUG]- 新用户luhang注册成功
2018-08-23 20:37:25,071 [Thread-82:6428] [accounts:57] [views:logout] [DEBUG]- liulirong退出系统
2018-08-23 20:37:37,653 [Thread-87:1572] [accounts:29] [views:post] [DEBUG]- 用户luhang不存在
2018-08-23 20:41:54,678 [Thread-3:8868] [accounts:30] [views:post] [DEBUG]- 用户luhang不存在
2018-08-23 20:42:26,155 [Thread-9:7800] [accounts:27] [views:post] [DEBUG]- 新用户liulirong登录成功
2018-08-23 20:42:46,801 [Thread-1:8648] [accounts:58] [views:logout] [DEBUG]- liulirong退出系统
2018-08-23 21:26:22,722 [Thread-13:8756] [accounts:53] [views:post] [DEBUG]- 新用户zhangsihui注册成功
2018-08-23 21:28:34,835 [Thread-3:8892] [accounts:30] [views:post] [DEBUG]- 用户zhangsihui登录成功
2018-08-23 21:28:49,810 [Thread-5:5992] [accounts:61] [views:logout] [DEBUG]- zhangsihui退出系统
2018-08-23 21:29:01,918 [Thread-9:5676] [accounts:36] [views:post] [DEBUG]- 验证码错误
2018-08-23 21:29:26,286 [Thread-14:8792] [accounts:30] [views:post] [DEBUG]- 用户liulirong登录成功
2018-08-23 21:31:15,988 [Thread-4:656] [accounts:56] [views:logout] [DEBUG]- liulirong退出系统
2018-08-23 21:57:52,739 [Thread-403:7876] [accounts:32] [views:post] [DEBUG]- 验证码错误
2018-08-23 21:58:05,446 [Thread-407:6348] [accounts:26] [views:post] [DEBUG]- 用户liulirong登录成功
2018-08-24 19:28:52,865 [Thread-9:7196] [accounts:26] [views:post] [DEBUG]- 用户liulirong登录成功
2018-08-25 19:59:44,932 [Thread-8:6180] [accounts:56] [views:logout] [DEBUG]- liulirong退出系统
2018-08-25 20:03:15,110 [Thread-5:1064] [accounts:49] [views:post] [DEBUG]- 新用户liulirong2注册成功
2018-08-25 20:35:05,568 [Thread-11:1584] [accounts:48] [views:post] [DEBUG]- 新用户liulirong3注册成功
2018-08-25 20:37:52,079 [Thread-11:460] [accounts:50] [views:post] [DEBUG]- 新用户liulirong4注册失败
2018-08-25 20:37:54,979 [Thread-12:1432] [accounts:50] [views:post] [DEBUG]- 新用户liulirong4注册失败
2018-08-25 20:38:07,059 [Thread-13:7188] [accounts:48] [views:post] [DEBUG]- 新用户liulirong4注册成功
2018-08-25 20:39:41,047 [Thread-18:6028] [accounts:48] [views:post] [DEBUG]- 新用户liulirong5注册成功
2018-08-25 20:46:54,116 [Thread-23:1160] [accounts:48] [views:post] [DEBUG]- 新用户liulirong2注册成功
2018-08-25 20:49:29,270 [Thread-1:6196] [accounts:55] [views:logout] [DEBUG]- liulirong退出系统
2018-08-25 20:49:45,784 [Thread-6:7948] [accounts:26] [views:post] [DEBUG]- 用户liulirong登录成功
2018-08-25 20:49:47,931 [Thread-8:5380] [accounts:55] [views:logout] [DEBUG]- liulirong退出系统
2018-08-25 20:50:11,062 [Thread-15:8036] [accounts:48] [views:post] [DEBUG]- 新用户liulirong3注册成功
2018-08-25 20:50:39,022 [Thread-18:6792] [accounts:48] [views:post] [DEBUG]- 新用户liulirong4注册成功
2018-08-25 20:57:30,366 [Thread-22:8440] [accounts:48] [views:post] [DEBUG]- 新用户liulirong5注册成功
2018-08-25 21:01:48,486 [Thread-9:4904] [accounts:50] [views:post] [DEBUG]- 新用户liulirong6注册成功
2018-08-25 21:02:08,269 [Thread-13:9128] [accounts:27] [views:post] [DEBUG]- 用户liulirong6登录成功
2018-08-25 21:05:14,387 [Thread-41:7540] [accounts:30] [views:post] [DEBUG]- 用户luhang不存在
2018-08-25 21:05:37,066 [Thread-44:8012] [accounts:30] [views:post] [DEBUG]- 用户luhang不存在
2018-08-25 21:05:48,800 [Thread-47:6116] [accounts:27] [views:post] [DEBUG]- 用户liulirong6登录成功
2018-08-25 21:42:04,847 [Thread-68:6360] [accounts:33] [views:post] [DEBUG]- 验证码错误
2018-08-25 21:42:22,312 [Thread-71:4264] [accounts:27] [views:post] [DEBUG]- 用户liulirong6登录成功
2018-08-25 21:51:30,415 [Thread-167:7516] [accounts:59] [views:logout] [DEBUG]- liulirong退出系统
2018-08-26 09:54:07,156 [Thread-208:1512] [accounts:30] [views:post] [DEBUG]- 用户liulirong不存在
2018-08-26 09:54:19,721 [Thread-211:6084] [accounts:27] [views:post] [DEBUG]- 用户liulirong登录成功
2018-08-27 16:31:20,328 [Thread-10:3592] [accounts:59] [views:logout] [DEBUG]- liulirong退出系统
2018-08-28 12:54:22,534 [Thread-26:6408] [accounts:50] [views:post] [DEBUG]- 新用户califeng注册成功
2018-08-28 19:33:44,167 [Thread-45:8908] [accounts:27] [views:post] [DEBUG]- 用户califeng登录成功
2018-08-28 19:41:56,412 [Thread-110:6152] [accounts:59] [views:logout] [DEBUG]- califeng退出系统
